0 info it worked if it ends with ok
1 verbose cli [ '/usr/local/bin/node',
1 verbose cli   '/usr/local/bin/npm',
1 verbose cli   'install',
1 verbose cli   '-g',
1 verbose cli   'sass' ]
2 info using npm@3.3.6
3 info using node@v5.0.0
4 silly loadCurrentTree Starting
5 silly install loadCurrentTree
6 silly install readGlobalPackageData
7 silly fetchPackageMetaData sass
8 silly fetchNamedPackageData sass
9 silly mapToRegistry name sass
10 silly mapToRegistry using default registry
11 silly mapToRegistry registry https://registry.npmjs.org/
12 silly mapToRegistry uri https://registry.npmjs.org/sass
13 verbose request uri https://registry.npmjs.org/sass
14 verbose request no auth needed
15 info attempt registry request try #1 at 16:30:41
16 verbose request id 2b209283f1ce40f1
17 http request GET https://registry.npmjs.org/sass
18 http 200 https://registry.npmjs.org/sass
19 verbose headers { server: 'CouchDB/1.5.0 (Erlang OTP/R16B03)',
19 verbose headers   etag: '"X534R4ZEXDUJJD845T9HFYW5"',
19 verbose headers   'content-type': 'application/json',
19 verbose headers   'content-encoding': 'gzip',
19 verbose headers   'cache-control': 'max-age=300',
19 verbose headers   'content-length': '858',
19 verbose headers   'accept-ranges': 'bytes',
19 verbose headers   date: 'Sat, 06 Aug 2016 08:30:45 GMT',
19 verbose headers   via: '1.1 varnish',
19 verbose headers   age: '206',
19 verbose headers   connection: 'keep-alive',
19 verbose headers   'x-served-by': 'cache-lcy1133-LCY',
19 verbose headers   'x-cache': 'HIT',
19 verbose headers   'x-cache-hits': '1',
19 verbose headers   'x-timer': 'S1470472245.546231,VS0,VE0',
19 verbose headers   vary: 'Accept-Encoding' }
20 silly get cb [ 200,
20 silly get   { server: 'CouchDB/1.5.0 (Erlang OTP/R16B03)',
20 silly get     etag: '"X534R4ZEXDUJJD845T9HFYW5"',
20 silly get     'content-type': 'application/json',
20 silly get     'content-encoding': 'gzip',
20 silly get     'cache-control': 'max-age=300',
20 silly get     'content-length': '858',
20 silly get     'accept-ranges': 'bytes',
20 silly get     date: 'Sat, 06 Aug 2016 08:30:45 GMT',
20 silly get     via: '1.1 varnish',
20 silly get     age: '206',
20 silly get     connection: 'keep-alive',
20 silly get     'x-served-by': 'cache-lcy1133-LCY',
20 silly get     'x-cache': 'HIT',
20 silly get     'x-cache-hits': '1',
20 silly get     'x-timer': 'S1470472245.546231,VS0,VE0',
20 silly get     vary: 'Accept-Encoding' } ]
21 verbose get saving sass to /Users/yunjeff/.npm/registry.npmjs.org/sass/.cache.json
22 silly install normalizeTree
23 silly loadCurrentTree Finishing
24 silly loadIdealTree Starting
25 silly install loadIdealTree
26 silly cloneCurrentTree Starting
27 silly install cloneCurrentTreeToIdealTree
28 silly cloneCurrentTree Finishing
29 silly loadShrinkwrap Starting
30 silly install loadShrinkwrap
31 silly loadShrinkwrap Finishing
32 silly loadAllDepsIntoIdealTree Starting
33 silly install loadAllDepsIntoIdealTree
34 silly resolveWithNewModule sass@0.5.0 checking installable status
35 silly cache add args [ 'sass', null ]
36 verbose cache add spec sass
37 silly cache add parsed spec Result {
37 silly cache add   raw: 'sass',
37 silly cache add   scope: null,
37 silly cache add   name: 'sass',
37 silly cache add   rawSpec: '',
37 silly cache add   spec: '*',
37 silly cache add   type: 'range' }
38 silly addNamed sass@*
39 verbose addNamed "*" is a valid semver range for sass
40 silly addNameRange { name: 'sass', range: '*', hasData: false }
41 silly mapToRegistry name sass
42 silly mapToRegistry using default registry
43 silly mapToRegistry registry https://registry.npmjs.org/
44 silly mapToRegistry uri https://registry.npmjs.org/sass
45 verbose addNameRange registry:https://registry.npmjs.org/sass not in flight; fetching
46 verbose get https://registry.npmjs.org/sass not expired, no request
47 silly addNameRange number 2 { name: 'sass', range: '*', hasData: true }
48 silly addNameRange versions [ 'sass', [ '0.4.0', '0.4.1', '0.4.2', '0.4.3', '0.5.0' ] ]
49 silly addNamed sass@0.5.0
50 verbose addNamed "0.5.0" is a plain semver version for sass
51 silly mapToRegistry name sass
52 silly mapToRegistry using default registry
53 silly mapToRegistry registry https://registry.npmjs.org/
54 silly mapToRegistry uri https://registry.npmjs.org/sass
55 verbose addRemoteTarball https://registry.npmjs.org/sass/-/sass-0.5.0.tgz not in flight; adding
56 verbose addRemoteTarball [ 'https://registry.npmjs.org/sass/-/sass-0.5.0.tgz',
56 verbose addRemoteTarball   '9dee1183a0f400361f2c5d3453bf2e54705e03f9' ]
57 info retry fetch attempt 1 at 16:30:45
58 info attempt registry request try #1 at 16:30:45
59 http fetch GET https://registry.npmjs.org/sass/-/sass-0.5.0.tgz
60 http fetch 200 https://registry.npmjs.org/sass/-/sass-0.5.0.tgz
61 silly fetchAndShaCheck shasum 9dee1183a0f400361f2c5d3453bf2e54705e03f9
62 verbose addTmpTarball /var/folders/89/8p8l6vzx2k98f0yn9krq4swc0000gn/T/npm-11278-0f37eebf/registry.npmjs.org/sass/-/sass-0.5.0.tgz not in flight; adding
63 verbose addTmpTarball already have metadata; skipping unpack for sass@0.5.0
64 silly cache afterAdd sass@0.5.0
65 verbose afterAdd /Users/yunjeff/.npm/sass/0.5.0/package/package.json not in flight; writing
66 verbose afterAdd /Users/yunjeff/.npm/sass/0.5.0/package/package.json written
67 silly loadAllDepsIntoIdealTree Finishing
68 silly idealTree:prePrune /usr/local/lib
68 silly idealTree:prePrune └── sass@0.5.0
69 silly loadIdealTree Finishing
70 silly currentTree /usr/local/lib
71 silly idealTree /usr/local/lib
71 silly idealTree └── sass@0.5.0
72 silly generateActionsToTake Starting
73 silly install generateActionsToTake
74 warn checkPermissions Missing write access to /usr/local/lib/node_modules
75 silly rollbackFailedOptional Starting
76 silly rollbackFailedOptional Finishing
77 silly runTopLevelLifecycles Starting
78 silly runTopLevelLifecycles Finishing
79 silly install printInstalled
80 verbose stack Error: EACCES: permission denied, access '/usr/local/lib/node_modules'
80 verbose stack     at Error (native)
81 verbose cwd /Users/yunjeff/MyGithub/NiceBlog/nicejade.github.io
82 error Darwin 14.1.0
83 error argv "/usr/local/bin/node" "/usr/local/bin/npm" "install" "-g" "sass"
84 error node v5.0.0
85 error npm  v3.3.6
86 error path /usr/local/lib/node_modules
87 error code EACCES
88 error errno -13
89 error syscall access
90 error Error: EACCES: permission denied, access '/usr/local/lib/node_modules'
90 error     at Error (native)
90 error  { [Error: EACCES: permission denied, access '/usr/local/lib/node_modules']
90 error   errno: -13,
90 error   code: 'EACCES',
90 error   syscall: 'access',
90 error   path: '/usr/local/lib/node_modules' }
91 error Please try running this command again as root/Administrator.
92 verbose exit [ -13, true ]
